<?xml version="1.0" encoding="utf-8"?><testsuites name="pytest tests"><testsuite name="pytest" errors="0" failures="1" skipped="0" tests="17" time="3.230" timestamp="2026-08-17T11:25:23.211014+00:00" hostname="agent-env-7dbe3f1c-4baf-4700-b950-0ca9ab191796"><testcase classname="tests.backend_test.TestContact" name="test_contact_submission_persists" time="0.356" /><testcase classname="tests.backend_test.TestInsightsTaxonomy" name="test_exactly_six_published_articles_and_no_blog" time="0.166" /><testcase classname="tests.backend_test.TestInsightsTaxonomy" name="test_article_filter_returns_same_six" time="0.059" /><testcase classname="tests.backend_test.TestInsightsTaxonomy" name="test_legacy_blog_filter_is_empty" time="0.061" /><testcase classname="tests.backend_test.TestInsightsTaxonomy" name="test_seed_article_detail_and_unknown_404" time="0.130" /><testcase classname="tests.backend_test.TestContact" name="test_contact_rejects_invalid_input[payload0]" time="0.116" /><testcase classname="tests.backend_test.TestContact" name="test_contact_rejects_invalid_input[payload1]" time="0.227" /><testcase classname="tests.backend_test.TestInsightsTaxonomy" name="test_backend_rejects_removed_blog_type" time="0.397"><failure message="AssertionError: Removed type 'blog' was accepted: 200 {&quot;id&quot;:&quot;4d67502b-6526-4bd6-9178-c974e1502fed&quot;,&quot;slug&quot;:&quot;test-rejected-blog-aa301cee66&quot;,&quot;title&quot;:&quot;TEST Removed taxonomy value&quot;,&quot;excerpt&quot;:&quot;This legacy content type must be rejected.&quot;,&quot;category&quot;:&quot;QA&quot;,&quot;type&quot;:&quot;blog&quot;,&quot;date&quot;:&quot;July 2026&quot;,&quot;read_minutes&quot;:5,&quot;image&quot;:&quot;&quot;,&quot;pdf_url&quot;:&quot;&quot;,&quot;status&quot;:&quot;published&quot;,&quot;seo_title&quot;:&quot;&quot;,&quot;meta_description&quot;:&quot;&quot;,&quot;sections&quot;:[{&quot;h&quot;:null,&quot;p&quot;:&quot;TEST body&quot;}],&quot;created_at&quot;:&quot;2026-08-17T11:25:24.577707Z&quot;}&#10;assert 200 == 422&#10; +  where 200 = &lt;Response [200]&gt;.status_code">backend/tests/backend_test.py:127: in test_backend_rejects_removed_blog_type
    assert response.status_code == 422, f"Removed type 'blog' was accepted: {response.status_code} {response.text}"
E   AssertionError: Removed type 'blog' was accepted: 200 {"id":"4d67502b-6526-4bd6-9178-c974e1502fed","slug":"test-rejected-blog-aa301cee66","title":"TEST Removed taxonomy value","excerpt":"This legacy content type must be rejected.","category":"QA","type":"blog","date":"July 2026","read_minutes":5,"image":"","pdf_url":"","status":"published","seo_title":"","meta_description":"","sections":[{"h":null,"p":"TEST body"}],"created_at":"2026-08-17T11:25:24.577707Z"}
E   assert 200 == 422
E    +  where 200 = &lt;Response [200]&gt;.status_code</failure></testcase><testcase classname="tests.backend_test.TestContact" name="test_contact_rejects_invalid_input[payload2]" time="0.114" /><testcase classname="tests.backend_test.TestContact" name="test_contact_rejects_invalid_input[payload3]" time="0.066" /><testcase classname="tests.backend_test.TestHealth" name="test_api_root" time="0.056" /><testcase classname="tests.backend_test.TestAdminAuth" name="test_protected_admin_endpoint_rejects_missing_token" time="0.075" /><testcase classname="tests.backend_test.TestHealth" name="test_health" time="0.110" /><testcase classname="tests.backend_test.TestPdfUpload" name="test_pdf_upload_and_download" time="1.386" /><testcase classname="tests.backend_test.TestAdminAuth" name="test_admin_login_and_identity" time="0.418" /><testcase classname="tests.backend_test.TestResourceCRUD" name="test_resource_crud_and_persistence" time="0.503" /><testcase classname="tests.backend_test.TestPdfUpload" name="test_upload_rejects_unsupported_type" time="0.058" /></testsuite></testsuites>